{"/home/gropp/Documentos/Desenvolvimento/React/Reack-hooks/src/index.js": {"path":"/home/gropp/Documentos/Desenvolvimento/React/Reack-hooks/src/index.js","statementMap":{"0":{"start":{"line":6,"column":0},"end":{"line":12,"column":2}}},"fnMap":{},"branchMap":{},"s":{"0":0},"f":{},"b":{}}
,"/home/gropp/Documentos/Desenvolvimento/React/Reack-hooks/src/components/index.js": {"path":"/home/gropp/Documentos/Desenvolvimento/React/Reack-hooks/src/components/index.js","statementMap":{},"fnMap":{},"branchMap":{},"s":{},"f":{},"b":{},"_coverageSchema":"1a1c01bbd47fc00a2c39e90264f33305004495a9","hash":"53babf765020c602195039eb5c8d0c91a24bbcd8"}
,"/home/gropp/Documentos/Desenvolvimento/React/Reack-hooks/src/components/button/Button.js": {"path":"/home/gropp/Documentos/Desenvolvimento/React/Reack-hooks/src/components/button/Button.js","statementMap":{"0":{"start":{"line":3,"column":22},"end":{"line":21,"column":1}}},"fnMap":{},"branchMap":{},"s":{"0":3},"f":{},"b":{},"_coverageSchema":"1a1c01bbd47fc00a2c39e90264f33305004495a9","hash":"c0807f70ab6307a135aafad36f25f0f19387c4d1"}
,"/home/gropp/Documentos/Desenvolvimento/React/Reack-hooks/src/components/button/index.js": {"path":"/home/gropp/Documentos/Desenvolvimento/React/Reack-hooks/src/components/button/index.js","statementMap":{},"fnMap":{},"branchMap":{},"s":{},"f":{},"b":{},"_coverageSchema":"1a1c01bbd47fc00a2c39e90264f33305004495a9","hash":"73486f5abbf232b885cf275dde043796f6c44e68"}
,"/home/gropp/Documentos/Desenvolvimento/React/Reack-hooks/src/components/globalStyle/GlobalStyle.js": {"path":"/home/gropp/Documentos/Desenvolvimento/React/Reack-hooks/src/components/globalStyle/GlobalStyle.js","statementMap":{"0":{"start":{"line":4,"column":27},"end":{"line":13,"column":1}}},"fnMap":{},"branchMap":{},"s":{"0":1},"f":{},"b":{},"_coverageSchema":"1a1c01bbd47fc00a2c39e90264f33305004495a9","hash":"c32092076d6e876ef51454ec2d08b89c2a0b0bea"}
,"/home/gropp/Documentos/Desenvolvimento/React/Reack-hooks/src/components/globalStyle/index.js": {"path":"/home/gropp/Documentos/Desenvolvimento/React/Reack-hooks/src/components/globalStyle/index.js","statementMap":{},"fnMap":{},"branchMap":{},"s":{},"f":{},"b":{},"_coverageSchema":"1a1c01bbd47fc00a2c39e90264f33305004495a9","hash":"82fe3e8dd18779f0f7f41491f070fae6c03f0398"}
,"/home/gropp/Documentos/Desenvolvimento/React/Reack-hooks/src/components/quotes/Quotes.js": {"path":"/home/gropp/Documentos/Desenvolvimento/React/Reack-hooks/src/components/quotes/Quotes.js","statementMap":{"0":{"start":{"line":5,"column":22},"end":{"line":13,"column":1}},"1":{"start":{"line":6,"column":2},"end":{"line":12,"column":4}},"2":{"start":{"line":16,"column":0},"end":{"line":20,"column":2}},"3":{"start":{"line":24,"column":16},"end":{"line":29,"column":1}},"4":{"start":{"line":31,"column":14},"end":{"line":36,"column":1}},"5":{"start":{"line":38,"column":16},"end":{"line":42,"column":1}}},"fnMap":{"0":{"name":"(anonymous_0)","decl":{"start":{"line":5,"column":22},"end":{"line":5,"column":23}},"loc":{"start":{"line":5,"column":67},"end":{"line":13,"column":1}},"line":5},"1":{"name":"(anonymous_1)","decl":{"start":{"line":5,"column":52},"end":{"line":5,"column":53}},"loc":{"start":{"line":5,"column":58},"end":{"line":5,"column":60}},"line":5}},"branchMap":{"0":{"loc":{"start":{"line":5,"column":41},"end":{"line":5,"column":60}},"type":"default-arg","locations":[{"start":{"line":5,"column":52},"end":{"line":5,"column":60}}],"line":5}},"s":{"0":2,"1":7,"2":2,"3":2,"4":2,"5":2},"f":{"0":7,"1":0},"b":{"0":[1]},"_coverageSchema":"1a1c01bbd47fc00a2c39e90264f33305004495a9","hash":"06a5dc91ce4a76276ad4252f8ff020634c5b9d4b"}
,"/home/gropp/Documentos/Desenvolvimento/React/Reack-hooks/src/components/quotes/index.js": {"path":"/home/gropp/Documentos/Desenvolvimento/React/Reack-hooks/src/components/quotes/index.js","statementMap":{},"fnMap":{},"branchMap":{},"s":{},"f":{},"b":{},"_coverageSchema":"1a1c01bbd47fc00a2c39e90264f33305004495a9","hash":"c8e7d5faefe9febcfdc454ec2b9a8d227bfb67c8"}
,"/home/gropp/Documentos/Desenvolvimento/React/Reack-hooks/src/pages/index.js": {"path":"/home/gropp/Documentos/Desenvolvimento/React/Reack-hooks/src/pages/index.js","statementMap":{},"fnMap":{},"branchMap":{},"s":{},"f":{},"b":{}}
,"/home/gropp/Documentos/Desenvolvimento/React/Reack-hooks/src/pages/app/App.js": {"path":"/home/gropp/Documentos/Desenvolvimento/React/Reack-hooks/src/pages/app/App.js","statementMap":{"0":{"start":{"line":9,"column":14},"end":{"line":9,"column":35}},"1":{"start":{"line":14,"column":20},"end":{"line":14,"column":32}},"2":{"start":{"line":17,"column":28},"end":{"line":20,"column":4}},"3":{"start":{"line":22,"column":19},"end":{"line":31,"column":3}},"4":{"start":{"line":23,"column":21},"end":{"line":23,"column":37}},"5":{"start":{"line":27,"column":4},"end":{"line":30,"column":5}},"6":{"start":{"line":28,"column":6},"end":{"line":28,"column":25}},"7":{"start":{"line":29,"column":6},"end":{"line":29,"column":19}},"8":{"start":{"line":34,"column":2},"end":{"line":41,"column":9}},"9":{"start":{"line":35,"column":4},"end":{"line":35,"column":15}},"10":{"start":{"line":38,"column":4},"end":{"line":40,"column":6}},"11":{"start":{"line":39,"column":6},"end":{"line":39,"column":32}},"12":{"start":{"line":43,"column":2},"end":{"line":49,"column":4}},"13":{"start":{"line":53,"column":16},"end":{"line":61,"column":1}},"14":{"start":{"line":63,"column":18},"end":{"line":66,"column":1}}},"fnMap":{"0":{"name":"App","decl":{"start":{"line":11,"column":16},"end":{"line":11,"column":19}},"loc":{"start":{"line":11,"column":22},"end":{"line":50,"column":1}},"line":11},"1":{"name":"(anonymous_1)","decl":{"start":{"line":22,"column":19},"end":{"line":22,"column":20}},"loc":{"start":{"line":22,"column":31},"end":{"line":31,"column":3}},"line":22},"2":{"name":"(anonymous_2)","decl":{"start":{"line":34,"column":12},"end":{"line":34,"column":13}},"loc":{"start":{"line":34,"column":18},"end":{"line":41,"column":3}},"line":34},"3":{"name":"(anonymous_3)","decl":{"start":{"line":38,"column":11},"end":{"line":38,"column":12}},"loc":{"start":{"line":38,"column":17},"end":{"line":40,"column":5}},"line":38}},"branchMap":{"0":{"loc":{"start":{"line":27,"column":4},"end":{"line":30,"column":5}},"type":"if","locations":[{"start":{"line":27,"column":4},"end":{"line":30,"column":5}},{"start":{},"end":{}}],"line":27}},"s":{"0":1,"1":5,"2":5,"3":5,"4":4,"5":3,"6":2,"7":2,"8":5,"9":3,"10":3,"11":3,"12":5,"13":1,"14":1},"f":{"0":5,"1":4,"2":3,"3":3},"b":{"0":[2,1]},"_coverageSchema":"1a1c01bbd47fc00a2c39e90264f33305004495a9","hash":"b8033505199006c853d794428f10eeec51b3378e"}
,"/home/gropp/Documentos/Desenvolvimento/React/Reack-hooks/src/pages/app/index.js": {"path":"/home/gropp/Documentos/Desenvolvimento/React/Reack-hooks/src/pages/app/index.js","statementMap":{},"fnMap":{},"branchMap":{},"s":{},"f":{},"b":{}}
,"/home/gropp/Documentos/Desenvolvimento/React/Reack-hooks/src/services/index.js": {"path":"/home/gropp/Documentos/Desenvolvimento/React/Reack-hooks/src/services/index.js","statementMap":{},"fnMap":{},"branchMap":{},"s":{},"f":{},"b":{},"_coverageSchema":"1a1c01bbd47fc00a2c39e90264f33305004495a9","hash":"2183df0612697c0804b52eceb642353b4bf8d5be"}
,"/home/gropp/Documentos/Desenvolvimento/React/Reack-hooks/src/services/quotesService/index.js": {"path":"/home/gropp/Documentos/Desenvolvimento/React/Reack-hooks/src/services/quotesService/index.js","statementMap":{},"fnMap":{},"branchMap":{},"s":{},"f":{},"b":{},"_coverageSchema":"1a1c01bbd47fc00a2c39e90264f33305004495a9","hash":"a4b75de6ba935d4fb17bcdd5fea08ab281fd705b"}
,"/home/gropp/Documentos/Desenvolvimento/React/Reack-hooks/src/services/quotesService/quotesService.js": {"path":"/home/gropp/Documentos/Desenvolvimento/React/Reack-hooks/src/services/quotesService/quotesService.js","statementMap":{"0":{"start":{"line":1,"column":24},"end":{"line":4,"column":70}},"1":{"start":{"line":4,"column":2},"end":{"line":4,"column":70}},"2":{"start":{"line":4,"column":54},"end":{"line":4,"column":69}}},"fnMap":{"0":{"name":"(anonymous_0)","decl":{"start":{"line":1,"column":24},"end":{"line":1,"column":25}},"loc":{"start":{"line":4,"column":2},"end":{"line":4,"column":70}},"line":4},"1":{"name":"(anonymous_1)","decl":{"start":{"line":4,"column":40},"end":{"line":4,"column":41}},"loc":{"start":{"line":4,"column":54},"end":{"line":4,"column":69}},"line":4}},"branchMap":{},"s":{"0":2,"1":5,"2":5},"f":{"0":5,"1":5},"b":{},"_coverageSchema":"1a1c01bbd47fc00a2c39e90264f33305004495a9","hash":"f690dc7f2ae611067b06f0bc0fb08a8335ae84ce"}
}
