TN:
SF:src/index.js
FNF:0
FNH:0
DA:6,0
LF:1
LH:0
BRF:0
BRH:0
end_of_record
TN:
SF:src/components/index.js
FNF:0
FNH:0
LF:0
LH:0
BRF:0
BRH:0
end_of_record
TN:
SF:src/components/button/Button.js
FNF:0
FNH:0
DA:3,3
LF:1
LH:1
BRF:0
BRH:0
end_of_record
TN:
SF:src/components/button/index.js
FNF:0
FNH:0
LF:0
LH:0
BRF:0
BRH:0
end_of_record
TN:
SF:src/components/globalStyle/GlobalStyle.js
FNF:0
FNH:0
DA:4,1
LF:1
LH:1
BRF:0
BRH:0
end_of_record
TN:
SF:src/components/globalStyle/index.js
FNF:0
FNH:0
LF:0
LH:0
BRF:0
BRH:0
end_of_record
TN:
SF:src/components/quotes/Quotes.js
FN:5,(anonymous_0)
FN:5,(anonymous_1)
FNF:2
FNH:1
FNDA:7,(anonymous_0)
FNDA:0,(anonymous_1)
DA:5,2
DA:6,7
DA:16,2
DA:24,2
DA:31,2
DA:38,2
LF:6
LH:6
BRDA:5,0,0,1
BRF:1
BRH:1
end_of_record
TN:
SF:src/components/quotes/index.js
FNF:0
FNH:0
LF:0
LH:0
BRF:0
BRH:0
end_of_record
TN:
SF:src/pages/index.js
FNF:0
FNH:0
LF:0
LH:0
BRF:0
BRH:0
end_of_record
TN:
SF:src/pages/app/App.js
FN:11,App
FN:22,(anonymous_1)
FN:34,(anonymous_2)
FN:38,(anonymous_3)
FNF:4
FNH:4
FNDA:5,App
FNDA:4,(anonymous_1)
FNDA:3,(anonymous_2)
FNDA:3,(anonymous_3)
DA:9,1
DA:14,5
DA:17,5
DA:22,5
DA:23,4
DA:27,3
DA:28,2
DA:29,2
DA:34,5
DA:35,3
DA:38,3
DA:39,3
DA:43,5
DA:53,1
DA:63,1
LF:15
LH:15
BRDA:27,0,0,2
BRDA:27,0,1,1
BRF:2
BRH:2
end_of_record
TN:
SF:src/pages/app/index.js
FNF:0
FNH:0
LF:0
LH:0
BRF:0
BRH:0
end_of_record
TN:
SF:src/services/index.js
FNF:0
FNH:0
LF:0
LH:0
BRF:0
BRH:0
end_of_record
TN:
SF:src/services/quotesService/index.js
FNF:0
FNH:0
LF:0
LH:0
BRF:0
BRH:0
end_of_record
TN:
SF:src/services/quotesService/quotesService.js
FN:1,(anonymous_0)
FN:4,(anonymous_1)
FNF:2
FNH:2
FNDA:5,(anonymous_0)
FNDA:5,(anonymous_1)
DA:1,2
DA:4,5
LF:2
LH:2
BRF:0
BRH:0
end_of_record
